#
# There is insufficient memory for the Java Runtime Environment to continue.
# Native memory allocation (malloc) failed to allocate 1048576 bytes. Error detail: AllocateHeap
# Possible reasons:
#   The system is out of physical RAM or swap space
#   This process is running with CompressedOops enabled, and the Java Heap may be blocking the growth of the native heap
# Possible solutions:
#   Reduce memory load on the system
#   Increase physical memory or swap space
#   Check if swap backing store is full
#   Decrease Java heap size (-Xmx/-Xms)
#   Decrease number of Java threads
#   Decrease Java thread stack sizes (-Xss)
#   Set larger code cache with -XX:ReservedCodeCacheSize=
#   JVM is running with Unscaled Compressed Oops mode in which the Java heap is
#     placed in the first 4GB address space. The Java Heap base address is the
#     maximum limit for the native heap growth. Please use -XX:HeapBaseMinAddress
#     to set the Java Heap base and to place the Java Heap above 4GB virtual address.
# This output file may be truncated or incomplete.
#
#  Out of Memory Error (allocation.cpp:44), pid=8728, tid=27172
#
# JRE version: OpenJDK Runtime Environment Temurin-17.0.12+7 (17.0.12+7) (build 17.0.12+7)
# Java VM: OpenJDK 64-Bit Server VM Temurin-17.0.12+7 (17.0.12+7, mixed mode, emulated-client, tiered, compressed oops, compressed class ptrs, g1 gc, windows-amd64)
# No core dump will be written. Minidumps are not enabled by default on client versions of Windows
#

---------------  S U M M A R Y ------------

Command Line: -Xmx1024m -Dsts.lsp.client=vscode -Dsts.log.file=/dev/null -XX:TieredStopAtLevel=1 -Xlog:jni+resolve=off -Dspring.config.location=file:c:\Users\anant\.cursor\extensions\vmware.vscode-spring-boot-1.56.0\language-server\BOOT-INF\classes\application.properties org.springframework.ide.vscode.boot.app.BootLanguageServerBootApp

Host: Intel(R) Core(TM) i7-10750H CPU @ 2.60GHz, 12 cores, 15G,  Windows 11 , 64 bit Build 22621 (10.0.22621.3958)
Time: Fri Sep 20 16:23:57 2024 India Standard Time elapsed time: 3746.325046 seconds (0d 1h 2m 26s)

---------------  T H R E A D  ---------------

Current thread (0x0000022078399630):  VMThread "VM Thread" [stack: 0x0000008fa5600000,0x0000008fa5700000] [id=27172]

Stack: [0x0000008fa5600000,0x0000008fa5700000]
Native frames: (J=compiled Java code, j=interpreted, Vv=VM code, C=native code)
V  [jvm.dll+0x67f929]
V  [jvm.dll+0x8371ba]
V  [jvm.dll+0x838c7e]
V  [jvm.dll+0x8392e3]
V  [jvm.dll+0x24834f]
V  [jvm.dll+0xa70d3]
V  [jvm.dll+0x2f9073]
V  [jvm.dll+0x2f4d00]
V  [jvm.dll+0x2dd82f]
V  [jvm.dll+0x3201f7]
V  [jvm.dll+0x83d7dd]
V  [jvm.dll+0x83e522]
V  [jvm.dll+0x83ea4f]
V  [jvm.dll+0x83ee34]
V  [jvm.dll+0x83ef00]
V  [jvm.dll+0x7e65dc]
V  [jvm.dll+0x67e7f7]
C  [ucrtbase.dll+0x29333]
C  [KERNEL32.DLL+0x1257d]
C  [ntdll.dll+0x5af28]

VM_Operation (0x0000008fa71fee40): G1CollectFull, mode: safepoint, requested by thread 0x000002207e641350


---------------  P R O C E S S  ---------------

Threads class SMR info:
_java_thread_list=0x000002207d947110, length=32, elements={
0x00000220783bd380, 0x00000220783be110, 0x00000220783ec800, 0x00000220783ef3a0,
0x00000220783f1080, 0x00000220783f1950, 0x00000220783f42e0, 0x0000022078438bb0,
0x000002207860a3b0, 0x0000022078618ce0, 0x000002207e3d3060, 0x000002207e641350,
0x000002207e601030, 0x000002206d0e3a60, 0x000002207e4b4050, 0x000002207e790e10,
0x000002207e7922e0, 0x000002207e63e9e0, 0x000002207e63d5a0, 0x000002207e63dab0,
0x000002207e63e4d0, 0x000002207e839d10, 0x000002207e83bb70, 0x000002207e836f80,
0x000002207e836a70, 0x000002207e837490, 0x000002207e83a220, 0x000002207e83c590,
0x000002207e836050, 0x000002207e835120, 0x000002207e8379a0, 0x000002207e83caa0
}

Java Threads: ( => current thread )
  0x00000220783bd380 JavaThread "Reference Handler" daemon [_thread_blocked, id=29164, stack(0x0000008fa5700000,0x0000008fa5800000)]
  0x00000220783be110 JavaThread "Finalizer" daemon [_thread_blocked, id=23072, stack(0x0000008fa5800000,0x0000008fa5900000)]
  0x00000220783ec800 JavaThread "Signal Dispatcher" daemon [_thread_blocked, id=2652, stack(0x0000008fa5900000,0x0000008fa5a00000)]
  0x00000220783ef3a0 JavaThread "Attach Listener" daemon [_thread_blocked, id=22880, stack(0x0000008fa5a00000,0x0000008fa5b00000)]
  0x00000220783f1080 JavaThread "Service Thread" daemon [_thread_blocked, id=3564, stack(0x0000008fa5b00000,0x0000008fa5c00000)]
  0x00000220783f1950 JavaThread "Monitor Deflation Thread" daemon [_thread_blocked, id=40732, stack(0x0000008fa5c00000,0x0000008fa5d00000)]
  0x00000220783f42e0 JavaThread "C1 CompilerThread0" daemon [_thread_blocked, id=39908, stack(0x0000008fa5d00000,0x0000008fa5e00000)]
  0x0000022078438bb0 JavaThread "Sweeper thread" daemon [_thread_blocked, id=25708, stack(0x0000008fa5e00000,0x0000008fa5f00000)]
  0x000002207860a3b0 JavaThread "Notification Thread" daemon [_thread_blocked, id=3552, stack(0x0000008fa6100000,0x0000008fa6200000)]
  0x0000022078618ce0 JavaThread "Common-Cleaner" daemon [_thread_blocked, id=24704, stack(0x0000008fa6300000,0x0000008fa6400000)]
  0x000002207e3d3060 JavaThread "boundedElastic-evictor-1" daemon [_thread_blocked, id=26232, stack(0x0000008fa6900000,0x0000008fa6a00000)]
  0x000002207e641350 JavaThread "pool-13-thread-1" [_thread_blocked, id=13760, stack(0x0000008fa7100000,0x0000008fa7200000)]
  0x000002207e601030 JavaThread "LanguageServerApp-lifecycle" [_thread_blocked, id=11208, stack(0x0000008fa7200000,0x0000008fa7300000)]
  0x000002206d0e3a60 JavaThread "DestroyJavaVM" [_thread_blocked, id=40160, stack(0x0000008fa5000000,0x0000008fa5100000)]
  0x000002207e4b4050 JavaThread "pool-14-thread-1" [_thread_in_native, id=29940, stack(0x0000008fa7300000,0x0000008fa7400000)]
  0x000002207e790e10 JavaThread "Simple-Language-Server main thread" daemon [_thread_blocked, id=11712, stack(0x0000008fa7400000,0x0000008fa7500000)]
  0x000002207e7922e0 JavaThread "pool-8-thread-1" [_thread_blocked, id=7716, stack(0x0000008fa7500000,0x0000008fa7600000)]
  0x000002207e63e9e0 JavaThread "parallel-1" daemon [_thread_blocked, id=36644, stack(0x0000008fa7600000,0x0000008fa7700000)]
  0x000002207e63d5a0 JavaThread "pool-6-thread-1" [_thread_blocked, id=32860, stack(0x0000008fa7700000,0x0000008fa7800000)]
  0x000002207e63dab0 JavaThread "parallel-2" daemon [_thread_blocked, id=17332, stack(0x0000008fa7800000,0x0000008fa7900000)]
  0x000002207e63e4d0 JavaThread "parallel-3" daemon [_thread_blocked, id=39124, stack(0x0000008fa7900000,0x0000008fa7a00000)]
  0x000002207e839d10 JavaThread "parallel-4" daemon [_thread_blocked, id=12576, stack(0x0000008fa7f00000,0x0000008fa8000000)]
  0x000002207e83bb70 JavaThread "parallel-5" daemon [_thread_blocked, id=14000, stack(0x0000008fa8000000,0x0000008fa8100000)]
  0x000002207e836f80 JavaThread "Reconciler-1" daemon [_thread_blocked, id=4940, stack(0x0000008fa8200000,0x0000008fa8300000)]
  0x000002207e836a70 JavaThread "parallel-6" daemon [_thread_blocked, id=36836, stack(0x0000008fa6a00000,0x0000008fa6b00000)]
  0x000002207e837490 JavaThread "parallel-7" daemon [_thread_blocked, id=11420, stack(0x0000008fa8300000,0x0000008fa8400000)]
  0x000002207e83a220 JavaThread "parallel-8" daemon [_thread_blocked, id=25964, stack(0x0000008fa4d00000,0x0000008fa4e00000)]
  0x000002207e83c590 JavaThread "CompletableFutureDelayScheduler" daemon [_thread_blocked, id=29996, stack(0x0000008fa8d00000,0x0000008fa8e00000)]
  0x000002207e836050 JavaThread "parallel-9" daemon [_thread_blocked, id=16732, stack(0x0000008fa4f00000,0x0000008fa5000000)]
  0x000002207e835120 JavaThread "parallel-10" daemon [_thread_blocked, id=21000, stack(0x0000008fa4e00000,0x0000008fa4f00000)]
  0x000002207e8379a0 JavaThread "parallel-11" daemon [_thread_blocked, id=2544, stack(0x0000008fa8700000,0x0000008fa8800000)]
  0x000002207e83caa0 JavaThread "parallel-12" daemon [_thread_blocked, id=22992, stack(0x0000008fa8900000,0x0000008fa8a00000)]

Other Threads:
=>0x0000022078399630 VMThread "VM Thread" [stack: 0x0000008fa5600000,0x0000008fa5700000] [id=27172]
  0x000002207860c8a0 WatcherThread [stack: 0x0000008fa6200000,0x0000008fa6300000] [id=27824]
  0x000002206d123370 GCTaskThread "GC Thread#0" [stack: 0x0000008fa5100000,0x0000008fa5200000] [id=38476]
  0x000002207d910e60 GCTaskThread "GC Thread#1" [stack: 0x0000008fa6400000,0x0000008fa6500000] [id=25188]
  0x000002207d911120 GCTaskThread "GC Thread#2" [stack: 0x0000008fa6500000,0x0000008fa6600000] [id=23152]
  0x000002207d9113e0 GCTaskThread "GC Thread#3" [stack: 0x0000008fa6600000,0x0000008fa6700000] [id=40788]
  0x000002207d9116a0 GCTaskThread "GC Thread#4" [stack: 0x0000008fa6700000,0x0000008fa6800000] [id=7156]
  0x000002207d912580 GCTaskThread "GC Thread#5" [stack: 0x0000008fa6800000,0x0000008fa6900000] [id=30740]
  0x000002207de66300 GCTaskThread "GC Thread#6" [stack: 0x0000008fa6b00000,0x0000008fa6c00000] [id=36076]
  0x000002207dd11a80 GCTaskThread "GC Thread#7" [stack: 0x0000008fa6c00000,0x0000008fa6d00000] [id=36660]
  0x000002207de8cc10 GCTaskThread "GC Thread#8" [stack: 0x0000008fa6d00000,0x0000008fa6e00000] [id=7684]
  0x000002207de8dee0 GCTaskThread "GC Thread#9" [stack: 0x0000008fa6e00000,0x0000008fa6f00000] [id=37072]
  0x000002206d12c1d0 ConcurrentGCThread "G1 Main Marker" [stack: 0x0000008fa5200000,0x0000008fa5300000] [id=32704]
  0x000002206d12cb00 ConcurrentGCThread "G1 Conc#0" [stack: 0x0000008fa5300000,0x0000008fa5400000] [id=39824]
  0x000002207de4c7a0 ConcurrentGCThread "G1 Conc#1" [stack: 0x0000008fa6f00000,0x0000008fa7000000] [id=17772]
  0x000002207ddc2ba0 ConcurrentGCThread "G1 Conc#2" [stack: 0x0000008fa7000000,0x0000008fa7100000] [id=30476]
  0x000002206d18dee0 ConcurrentGCThread "G1 Refine#0" [stack: 0x0000008fa5400000,0x0000008fa5500000] [id=7888]
  0x000002206d18e820 ConcurrentGCThread "G1 Service" [stack: 0x0000008fa5500000,0x0000008fa5600000] [id=32236]

Threads with active compile tasks:

VM state: at safepoint (normal execution)

VM Mutex/Monitor currently owned by a thread:  ([mutex/lock_event])
[0x000002206ae1f880] Threads_lock - owner thread: 0x0000022078399630
[0x000002206d0e2490] Heap_lock - owner thread: 0x000002207e641350

Heap address: 0x00000000c0000000, size: 1024 MB, Compressed Oops mode: 32-bit

CDS archive(s) not mapped
Compressed class space mapped at: 0x0000000100000000-0x0000000140000000, reserved size: 1073741824
Narrow klass base: 0x0000000000000000, Narrow klass shift: 3, Narrow klass range: 0x140000000

GC Precious Log:
 CPUs: 12 total, 12 available
 Memory: 16169M
 Large Page Support: Disabled
 NUMA Support: Disabled
 Compressed Oops: Enabled (32-bit)
 Heap Region Size: 1M
 Heap Min Capacity: 8M
 Heap Initial Capacity: 254M
 Heap Max Capacity: 1G
 Pre-touch: Disabled
 Parallel Workers: 10
 Concurrent Workers: 3
 Concurrent Refinement Workers: 10
 Periodic GC: Disabled

Heap:
 garbage-first heap   total 130048K, used 37401K [0x00000000c0000000, 0x0000000100000000)
  region size 1024K, 1 young (1024K), 0 survivors (0K)
 Metaspace       used 61580K, committed 62016K, reserved 1114112K
  class space    used 7496K, committed 7680K, reserved 1048576K

Heap Regions: E=young(eden), S=young(survivor), O=old, HS=humongous(starts), HC=humongous(continues), CS=collection set, F=free, OA=open archive, CA=closed archive, TAMS=top-at-mark-start (previous, next)
|   0|0x00000000c0000000, 0x00000000c0100000, 0x00000000c0100000|100%|HS|  |TAMS 0x00000000c0100000, 0x00000000c0000000| Untracked 
|   1|0x00000000c0100000, 0x00000000c0200000, 0x00000000c0200000|100%|HC|  |TAMS 0x00000000c0200000, 0x00000000c0100000| Untracked 
|   2|0x00000000c0200000, 0x00000000c0300000, 0x00000000c0300000|100%|HC|  |TAMS 0x00000000c0300000, 0x00000000c0200000| Untracked 
|   3|0x00000000c0300000, 0x00000000c0400000, 0x00000000c0400000|100%|HC|  |TAMS 0x00000000c0400000, 0x00000000c0300000| Untracked 
|   4|0x00000000c0400000, 0x00000000c0500000, 0x00000000c0500000|100%|HS|  |TAMS 0x00000000c0500000, 0x00000000c0400000| Untracked 
|   5|0x00000000c0500000, 0x00000000c0600000, 0x00000000c0600000|100%|HC|  |TAMS 0x00000000c0600000, 0x00000000c0500000| Untracked 
|   6|0x00000000c0600000, 0x00000000c06fffd8, 0x00000000c0700000| 99%| O|  |TAMS 0x00000000c06fffd8, 0x00000000c0600000| Untracked 
|   7|0x00000000c0700000, 0x00000000c07ffff8, 0x00000000c0800000| 99%| O|  |TAMS 0x00000000c07ffff8, 0x00000000c0700000| Untracked 
|   8|0x00000000c0800000, 0x00000000c0900000, 0x00000000c0900000|100%| O|  |TAMS 0x00000000c0900000, 0x00000000c0800000| Untracked 
|   9|0x00000000c0900000, 0x00000000c09ffff0, 0x00000000c0a00000| 99%| O|  |TAMS 0x00000000c09ffff0, 0x00000000c0900000| Untracked 
|  10|0x00000000c0a00000, 0x00000000c0b00000, 0x00000000c0b00000|100%| O|  |TAMS 0x00000000c0b00000, 0x00000000c0a00000| Untracked 
|  11|0x00000000c0b00000, 0x00000000c0c00000, 0x00000000c0c00000|100%| O|  |TAMS 0x00000000c0c00000, 0x00000000c0b00000| Untracked 
|  12|0x00000000c0c00000, 0x00000000c0cfffb8, 0x00000000c0d00000| 99%| O|  |TAMS 0x00000000c0cfffb8, 0x00000000c0c00000| Untracked 
|  13|0x00000000c0d00000, 0x00000000c0e00000, 0x00000000c0e00000|100%| O|  |TAMS 0x00000000c0e00000, 0x00000000c0d00000| Untracked 
|  14|0x00000000c0e00000, 0x00000000c0f00000, 0x00000000c0f00000|100%| O|  |TAMS 0x00000000c0f00000, 0x00000000c0e00000| Untracked 
|  15|0x00000000c0f00000, 0x00000000c0ffcc08, 0x00000000c1000000| 98%| O|  |TAMS 0x00000000c0ffcc08, 0x00000000c0f00000| Untracked 
|  16|0x00000000c1000000, 0x00000000c10fffe8, 0x00000000c1100000| 99%| O|  |TAMS 0x00000000c10fffe8, 0x00000000c1000000| Untracked 
|  17|0x00000000c1100000, 0x00000000c1200000, 0x00000000c1200000|100%| O|  |TAMS 0x00000000c1200000, 0x00000000c1100000| Untracked 
|  18|0x00000000c1200000, 0x00000000c12fffe0, 0x00000000c1300000| 99%| O|  |TAMS 0x00000000c12fffe0, 0x00000000c1200000| Untracked 
|  19|0x00000000c1300000, 0x00000000c13ffff8, 0x00000000c1400000| 99%| O|  |TAMS 0x00000000c13ffff8, 0x00000000c1300000| Untracked 
|  20|0x00000000c1400000, 0x00000000c14fffe8, 0x00000000c1500000| 99%| O|  |TAMS 0x00000000c14fffe8, 0x00000000c1400000| Untracked 
|  21|0x00000000c1500000, 0x00000000c15f7608, 0x00000000c1600000| 96%| O|  |TAMS 0x00000000c15f7608, 0x00000000c1500000| Untracked 
|  22|0x00000000c1600000, 0x00000000c16ffff8, 0x00000000c1700000| 99%| O|  |TAMS 0x00000000c16ffff8, 0x00000000c1600000| Untracked 
|  23|0x00000000c1700000, 0x00000000c17fffe8, 0x00000000c1800000| 99%| O|  |TAMS 0x00000000c17fffe8, 0x00000000c1700000| Untracked 
|  24|0x00000000c1800000, 0x00000000c18f54d0, 0x00000000c1900000| 95%| O|  |TAMS 0x00000000c18f54d0, 0x00000000c1800000| Untracked 
|  25|0x00000000c1900000, 0x00000000c1a00000, 0x00000000c1a00000|100%| O|  |TAMS 0x00000000c1a00000, 0x00000000c1900000| Untracked 
|  26|0x00000000c1a00000, 0x00000000c1af97d0, 0x00000000c1b00000| 97%| O|  |TAMS 0x00000000c1af97d0, 0x00000000c1a00000| Untracked 
|  27|0x00000000c1b00000, 0x00000000c1bf5590, 0x00000000c1c00000| 95%| O|  |TAMS 0x00000000c1bf5590, 0x00000000c1b00000| Untracked 
|  28|0x00000000c1c00000, 0x00000000c1cf6238, 0x00000000c1d00000| 96%| O|  |TAMS 0x00000000c1cf6238, 0x00000000c1c00000| Untracked 
|  29|0x00000000c1d00000, 0x00000000c1e00000, 0x00000000c1e00000|100%| O|  |TAMS 0x00000000c1e00000, 0x00000000c1d00000| Untracked 
|  30|0x00000000c1e00000, 0x00000000c1effff8, 0x00000000c1f00000| 99%| O|  |TAMS 0x00000000c1effff8, 0x00000000c1e00000| Untracked 
|  31|0x00000000c1f00000, 0x00000000c2000000, 0x00000000c2000000|100%|HS|  |TAMS 0x00000000c2000000, 0x00000000c1f00000| Untracked 
|  32|0x00000000c2000000, 0x00000000c2100000, 0x00000000c2100000|100%| O|  |TAMS 0x00000000c2100000, 0x00000000c2000000| Untracked 
|  33|0x00000000c2100000, 0x00000000c21fff90, 0x00000000c2200000| 99%| O|  |TAMS 0x00000000c21fff90, 0x00000000c2100000| Untracked 
|  34|0x00000000c2200000, 0x00000000c22f9c08, 0x00000000c2300000| 97%| O|  |TAMS 0x00000000c22f9c08, 0x00000000c2200000| Untracked 
|  35|0x00000000c2300000, 0x00000000c23fffe8, 0x00000000c2400000| 99%| O|  |TAMS 0x00000000c23fffe8, 0x00000000c2300000| Untracked 
|  36|0x00000000c2400000, 0x00000000c2462b40, 0x00000000c2500000| 38%| O|  |TAMS 0x00000000c2400000, 0x00000000c2400000| Untracked 
|  37|0x00000000c2500000, 0x00000000c255b9f0, 0x00000000c2600000| 35%| O|  |TAMS 0x00000000c2500000, 0x00000000c2500000| Untracked 
|  38|0x00000000c2600000, 0x00000000c2600068, 0x00000000c2700000|  0%| O|  |TAMS 0x00000000c2600000, 0x00000000c2600000| Untracked 
|  39|0x00000000c2700000, 0x00000000c2700000, 0x00000000c2800000|  0%| F|  |TAMS 0x00000000c2700000, 0x00000000c2700000| Untracked 
|  40|0x00000000c2800000, 0x00000000c2800000, 0x00000000c2900000|  0%| F|  |TAMS 0x00000000c2800000, 0x00000000c2800000| Untracked 
|  41|0x00000000c2900000, 0x00000000c2900000, 0x00000000c2a00000|  0%| F|  |TAMS 0x00000000c2900000, 0x00000000c2900000| Untracked 
|  42|0x00000000c2a00000, 0x00000000c2a00000, 0x00000000c2b00000|  0%| F|  |TAMS 0x00000000c2a00000, 0x00000000c2a00000| Untracked 
|  43|0x00000000c2b00000, 0x00000000c2b00000, 0x00000000c2c00000|  0%| F|  |TAMS 0x00000000c2b00000, 0x00000000c2b00000| Untracked 
|  44|0x00000000c2c00000, 0x00000000c2c00000, 0x00000000c2d00000|  0%| F|  |TAMS 0x00000000c2c00000, 0x00000000c2c00000| Untracked 
|  45|0x00000000c2d00000, 0x00000000c2d00000, 0x00000000c2e00000|  0%| F|  |TAMS 0x00000000c2d00000, 0x00000000c2d00000| Untracked 
|  46|0x00000000c2e00000, 0x00000000c2e00000, 0x00000000c2f00000|  0%| F|  |TAMS 0x00000000c2e00000, 0x00000000c2e00000| Untracked 
|  47|0x00000000c2f00000, 0x00000000c2f00000, 0x00000000c3000000|  0%| F|  |TAMS 0x00000000c2f00000, 0x00000000c2f00000| Untracked 
|  48|0x00000000c3000000, 0x00000000c3000000, 0x00000000c3100000|  0%| F|  |TAMS 0x00000000c3000000, 0x00000000c3000000| Untracked 
|  49|0x00000000c3100000, 0x00000000c3100000, 0x00000000c3200000|  0%| F|  |TAMS 0x00000000c3100000, 0x00000000c3100000| Untracked 
|  50|0x00000000c3200000, 0x00000000c3200000, 0x00000000c3300000|  0%| F|  |TAMS 0x00000000c3200000, 0x00000000c3200000| Untracked 
|  51|0x00000000c3300000, 0x00000000c3300000, 0x00000000c3400000|  0%| F|  |TAMS 0x00000000c3300000, 0x00000000c3300000| Untracked 
|  52|0x00000000c3400000, 0x00000000c3400000, 0x00000000c3500000|  0%| F|  |TAMS 0x00000000c3400000, 0x00000000c3400000| Untracked 
|  53|0x00000000c3500000, 0x00000000c3500000, 0x00000000c3600000|  0%| F|  |TAMS 0x00000000c3500000, 0x00000000c3500000| Untracked 
|  54|0x00000000c3600000, 0x00000000c3600000, 0x00000000c3700000|  0%| F|  |TAMS 0x00000000c3600000, 0x00000000c3600000| Untracked 
|  55|0x00000000c3700000, 0x00000000c3700000, 0x00000000c3800000|  0%| F|  |TAMS 0x00000000c3700000, 0x00000000c3700000| Untracked 
|  56|0x00000000c3800000, 0x00000000c3800000, 0x00000000c3900000|  0%| F|  |TAMS 0x00000000c3800000, 0x00000000c3800000| Untracked 
|  57|0x00000000c3900000, 0x00000000c3900000, 0x00000000c3a00000|  0%| F|  |TAMS 0x00000000c3900000, 0x00000000c3900000| Untracked 
|  58|0x00000000c3a00000, 0x00000000c3a00000, 0x00000000c3b00000|  0%| F|  |TAMS 0x00000000c3a00000, 0x00000000c3a00000| Untracked 
|  59|0x00000000c3b00000, 0x00000000c3b00000, 0x00000000c3c00000|  0%| F|  |TAMS 0x00000000c3b00000, 0x00000000c3b00000| Untracked 
|  60|0x00000000c3c00000, 0x00000000c3c00000, 0x00000000c3d00000|  0%| F|  |TAMS 0x00000000c3c00000, 0x00000000c3c00000| Untracked 
|  61|0x00000000c3d00000, 0x00000000c3d00000, 0x00000000c3e00000|  0%| F|  |TAMS 0x00000000c3d00000, 0x00000000c3d00000| Untracked 
|  62|0x00000000c3e00000, 0x00000000c3e00000, 0x00000000c3f00000|  0%| F|  |TAMS 0x00000000c3e00000, 0x00000000c3e00000| Untracked 
|  63|0x00000000c3f00000, 0x00000000c3f00000, 0x00000000c4000000|  0%| F|  |TAMS 0x00000000c3f00000, 0x00000000c3f00000| Untracked 
|  64|0x00000000c4000000, 0x00000000c4000000, 0x00000000c4100000|  0%| F|  |TAMS 0x00000000c4000000, 0x00000000c4000000| Untracked 
|  65|0x00000000c4100000, 0x00000000c4100000, 0x00000000c4200000|  0%| F|  |TAMS 0x00000000c4100000, 0x00000000c4100000| Untracked 
|  66|0x00000000c4200000, 0x00000000c4200000, 0x00000000c4300000|  0%| F|  |TAMS 0x00000000c4200000, 0x00000000c4200000| Untracked 
|  67|0x00000000c4300000, 0x00000000c4300000, 0x00000000c4400000|  0%| F|  |TAMS 0x00000000c4300000, 0x00000000c4300000| Untracked 
|  68|0x00000000c4400000, 0x00000000c4400000, 0x00000000c4500000|  0%| F|  |TAMS 0x00000000c4400000, 0x00000000c4400000| Untracked 
|  69|0x00000000c4500000, 0x00000000c4500000, 0x00000000c4600000|  0%| F|  |TAMS 0x00000000c4500000, 0x00000000c4500000| Untracked 
|  70|0x00000000c4600000, 0x00000000c4600000, 0x00000000c4700000|  0%| F|  |TAMS 0x00000000c4600000, 0x00000000c4600000| Untracked 
|  71|0x00000000c4700000, 0x00000000c4700000, 0x00000000c4800000|  0%| F|  |TAMS 0x00000000c4700000, 0x00000000c4700000| Untracked 
|  72|0x00000000c4800000, 0x00000000c4800000, 0x00000000c4900000|  0%| F|  |TAMS 0x00000000c4800000, 0x00000000c4800000| Untracked 
|  73|0x00000000c4900000, 0x00000000c4900000, 0x00000000c4a00000|  0%| F|  |TAMS 0x00000000c4900000, 0x00000000c4900000| Untracked 
|  74|0x00000000c4a00000, 0x00000000c4a00000, 0x00000000c4b00000|  0%| F|  |TAMS 0x00000000c4a00000, 0x00000000c4a00000| Untracked 
|  75|0x00000000c4b00000, 0x00000000c4b00000, 0x00000000c4c00000|  0%| F|  |TAMS 0x00000000c4b00000, 0x00000000c4b00000| Untracked 
|  76|0x00000000c4c00000, 0x00000000c4c00000, 0x00000000c4d00000|  0%| F|  |TAMS 0x00000000c4c00000, 0x00000000c4c00000| Untracked 
|  77|0x00000000c4d00000, 0x00000000c4d00000, 0x00000000c4e00000|  0%| F|  |TAMS 0x00000000c4d00000, 0x00000000c4d00000| Untracked 
|  78|0x00000000c4e00000, 0x00000000c4e00000, 0x00000000c4f00000|  0%| F|  |TAMS 0x00000000c4e00000, 0x00000000c4e00000| Untracked 
|  79|0x00000000c4f00000, 0x00000000c4f00000, 0x00000000c5000000|  0%| F|  |TAMS 0x00000000c4f00000, 0x00000000c4f00000| Untracked 
|  80|0x00000000c5000000, 0x00000000c5000000, 0x00000000c5100000|  0%| F|  |TAMS 0x00000000c5000000, 0x00000000c5000000| Untracked 
|  81|0x00000000c5100000, 0x00000000c5100000, 0x00000000c5200000|  0%| F|  |TAMS 0x00000000c5100000, 0x00000000c5100000| Untracked 
|  82|0x00000000c5200000, 0x00000000c5200000, 0x00000000c5300000|  0%| F|  |TAMS 0x00000000c5200000, 0x00000000c5200000| Untracked 
|  83|0x00000000c5300000, 0x00000000c5300000, 0x00000000c5400000|  0%| F|  |TAMS 0x00000000c5300000, 0x00000000c5300000| Untracked 
|  84|0x00000000c5400000, 0x00000000c5400000, 0x00000000c5500000|  0%| F|  |TAMS 0x00000000c5400000, 0x00000000c5400000| Untracked 
|  85|0x00000000c5500000, 0x00000000c5500000, 0x00000000c5600000|  0%| F|  |TAMS 0x00000000c5500000, 0x00000000c5500000| Untracked 
|  86|0x00000000c5600000, 0x00000000c5600000, 0x00000000c5700000|  0%| F|  |TAMS 0x00000000c5600000, 0x00000000c5600000| Untracked 
|  87|0x00000000c5700000, 0x00000000c5700000, 0x00000000c5800000|  0%| F|  |TAMS 0x00000000c5700000, 0x00000000c5700000| Untracked 
|  88|0x00000000c5800000, 0x00000000c5800000, 0x00000000c5900000|  0%| F|  |TAMS 0x00000000c5800000, 0x00000000c5800000| Untracked 
|  89|0x00000000c5900000, 0x00000000c5900000, 0x00000000c5a00000|  0%| F|  |TAMS 0x00000000c5900000, 0x00000000c5900000| Untracked 
|  90|0x00000000c5a00000, 0x00000000c5a00000, 0x00000000c5b00000|  0%| F|  |TAMS 0x00000000c5a00000, 0x00000000c5a00000| Untracked 
|  91|0x00000000c5b00000, 0x00000000c5b00000, 0x00000000c5c00000|  0%| F|  |TAMS 0x00000000c5b00000, 0x00000000c5b00000| Untracked 
|  92|0x00000000c5c00000, 0x00000000c5c00000, 0x00000000c5d00000|  0%| F|  |TAMS 0x00000000c5c00000, 0x00000000c5c00000| Untracked 
|  93|0x00000000c5d00000, 0x00000000c5d00000, 0x00000000c5e00000|  0%| F|  |TAMS 0x00000000c5d00000, 0x00000000c5d00000| Untracked 
|  94|0x00000000c5e00000, 0x00000000c5e00000, 0x00000000c5f00000|  0%| F|  |TAMS 0x00000000c5e00000, 0x00000000c5e00000| Untracked 
|  95|0x00000000c5f00000, 0x00000000c5f00000, 0x00000000c6000000|  0%| F|  |TAMS 0x00000000c5f00000, 0x00000000c5f00000| Untracked 
|  96|0x00000000c6000000, 0x00000000c6000000, 0x00000000c6100000|  0%| F|  |TAMS 0x00000000c6000000, 0x00000000c6000000| Untracked 
|  97|0x00000000c6100000, 0x00000000c6100000, 0x00000000c6200000|  0%| F|  |TAMS 0x00000000c6100000, 0x00000000c6100000| Untracked 
|  98|0x00000000c6200000, 0x00000000c6200000, 0x00000000c6300000|  0%| F|  |TAMS 0x00000000c6200000, 0x00000000c6200000| Untracked 
|  99|0x00000000c6300000, 0x00000000c6300000, 0x00000000c6400000|  0%| F|  |TAMS 0x00000000c6300000, 0x00000000c6300000| Untracked 
| 100|0x00000000c6400000, 0x00000000c6400000, 0x00000000c6500000|  0%| F|  |TAMS 0x00000000c6400000, 0x00000000c6400000| Untracked 
| 101|0x00000000c6500000, 0x00000000c6500000, 0x00000000c6600000|  0%| F|  |TAMS 0x00000000c6500000, 0x00000000c6500000| Untracked 
| 102|0x00000000c6600000, 0x00000000c6600000, 0x00000000c6700000|  0%| F|  |TAMS 0x00000000c6600000, 0x00000000c6600000| Untracked 
| 103|0x00000000c6700000, 0x00000000c6700000, 0x00000000c6800000|  0%| F|  |TAMS 0x00000000c6700000, 0x00000000c6700000| Untracked 
| 104|0x00000000c6800000, 0x00000000c6800000, 0x00000000c6900000|  0%| F|  |TAMS 0x00000000c6800000, 0x00000000c6800000| Untracked 
| 105|0x00000000c6900000, 0x00000000c6900000, 0x00000000c6a00000|  0%| F|  |TAMS 0x00000000c6900000, 0x00000000c6900000| Untracked 
| 106|0x00000000c6a00000, 0x00000000c6a00000, 0x00000000c6b00000|  0%| F|  |TAMS 0x00000000c6a00000, 0x00000000c6a00000| Untracked 
| 107|0x00000000c6b00000, 0x00000000c6b00000, 0x00000000c6c00000|  0%| F|  |TAMS 0x00000000c6b00000, 0x00000000c6b00000| Untracked 
| 108|0x00000000c6c00000, 0x00000000c6c00000, 0x00000000c6d00000|  0%| F|  |TAMS 0x00000000c6c00000, 0x00000000c6c00000| Untracked 
| 109|0x00000000c6d00000, 0x00000000c6d00000, 0x00000000c6e00000|  0%| F|  |TAMS 0x00000000c6d00000, 0x00000000c6d00000| Untracked 
| 110|0x00000000c6e00000, 0x00000000c6e00000, 0x00000000c6f00000|  0%| F|  |TAMS 0x00000000c6e00000, 0x00000000c6e00000| Untracked 
| 111|0x00000000c6f00000, 0x00000000c6f00000, 0x00000000c7000000|  0%| F|  |TAMS 0x00000000c6f00000, 0x00000000c6f00000| Untracked 
| 112|0x00000000c7000000, 0x00000000c7000000, 0x00000000c7100000|  0%| F|  |TAMS 0x00000000c7000000, 0x00000000c7000000| Untracked 
| 113|0x00000000c7100000, 0x00000000c7100000, 0x00000000c7200000|  0%| F|  |TAMS 0x00000000c7100000, 0x00000000c7100000| Untracked 
| 114|0x00000000c7200000, 0x00000000c7200000, 0x00000000c7300000|  0%| F|  |TAMS 0x00000000c7200000, 0x00000000c7200000| Untracked 
| 115|0x00000000c7300000, 0x00000000c7300000, 0x00000000c7400000|  0%| F|  |TAMS 0x00000000c7300000, 0x00000000c7300000| Untracked 
| 116|0x00000000c7400000, 0x00000000c7400000, 0x00000000c7500000|  0%| F|  |TAMS 0x00000000c7400000, 0x00000000c7400000| Untracked 
| 117|0x00000000c7500000, 0x00000000c7500000, 0x00000000c7600000|  0%| F|  |TAMS 0x00000000c7500000, 0x00000000c7500000| Untracked 
| 118|0x00000000c7600000, 0x00000000c7600000, 0x00000000c7700000|  0%| F|  |TAMS 0x00000000c7600000, 0x00000000c7600000| Untracked 
| 119|0x00000000c7700000, 0x00000000c7700000, 0x00000000c7800000|  0%| F|  |TAMS 0x00000000c7700000, 0x00000000c7700000| Untracked 
| 120|0x00000000c7800000, 0x00000000c7800000, 0x00000000c7900000|  0%| F|  |TAMS 0x00000000c7800000, 0x00000000c7800000| Untracked 
| 121|0x00000000c7900000, 0x00000000c7900000, 0x00000000c7a00000|  0%| F|  |TAMS 0x00000000c7900000, 0x00000000c7900000| Untracked 
| 122|0x00000000c7a00000, 0x00000000c7a00000, 0x00000000c7b00000|  0%| F|  |TAMS 0x00000000c7a00000, 0x00000000c7a00000| Untracked 
| 123|0x00000000c7b00000, 0x00000000c7b00000, 0x00000000c7c00000|  0%| F|  |TAMS 0x00000000c7b00000, 0x00000000c7b00000| Untracked 
| 124|0x00000000c7c00000, 0x00000000c7c00000, 0x00000000c7d00000|  0%| F|  |TAMS 0x00000000c7c00000, 0x00000000c7c00000| Untracked 
| 125|0x00000000c7d00000, 0x00000000c7d00000, 0x00000000c7e00000|  0%| F|  |TAMS 0x00000000c7d00000, 0x00000000c7d00000| Untracked 
| 126|0x00000000c7e00000, 0x00000000c7e0afa8, 0x00000000c7f00000|  4%| E|  |TAMS 0x00000000c7e00000, 0x00000000c7e00000| Complete 

Card table byte_map: [0x00000220732a0000,0x00000220734a0000] _byte_map_base: 0x0000022072ca0000

Marking Bits (Prev, Next): (CMBitMap*) 0x000002206d1238a0, (CMBitMap*) 0x000002206d1238e0
 Prev Bits: [0x00000220736a0000, 0x00000220746a0000)
 Next Bits: [0x00000220746a0000, 0x00000220756a0000)

Polling page: 0x000002206c890000

Metaspace:

Usage:
  Non-class:     52.82 MB used.
      Class:      7.32 MB used.
       Both:     60.14 MB used.

Virtual space:
  Non-class space:       64.00 MB reserved,      53.06 MB ( 83%) committed,  1 nodes.
      Class space:        1.00 GB reserved,       7.50 MB ( <1%) committed,  1 nodes.
             Both:        1.06 GB reserved,      60.56 MB (  6%) committed. 

Chunk freelists:
   Non-Class:  10.38 MB
       Class:  8.34 MB
        Both:  18.72 MB

MaxMetaspaceSize: unlimited
CompressedClassSpaceSize: 1.00 GB
Initial GC threshold: 21.00 MB
Current GC threshold: 100.94 MB
CDS: off
MetaspaceReclaimPolicy: balanced
 - commit_granule_bytes: 65536.
 - commit_granule_words: 8192.
 - virtual_space_node_default_size: 8388608.
 - enlarge_chunks_in_place: 1.
 - new_chunks_are_fully_committed: 0.
 - uncommit_free_chunks: 1.
 - use_allocation_guard: 0.
 - handle_deallocations: 1.


Internal statistics:

num_allocs_failed_limit: 8.
num_arena_births: 752.
num_arena_deaths: 268.
num_vsnodes_births: 2.
num_vsnodes_deaths: 0.
num_space_committed: 968.
num_space_uncommitted: 0.
num_chunks_returned_to_freelist: 333.
num_chunks_taken_from_freelist: 2837.
num_chunk_merges: 107.
num_chunk_splits: 1878.
num_chunks_enlarged: 1386.
num_inconsistent_stats: 0.

CodeCache: size=49152Kb used=12765Kb max_used=13578Kb free=36386Kb
 bounds [0x000002206fd70000, 0x0000022070b20000, 0x0000022072d70000]
 total_blobs=7626 nmethods=6947 adapters=606
 compilation: enabled
              stopped_count=0, restarted_count=0
 full_count=0

Compilation events (20 events):
Event: 2882.285 Thread 0x00000220783f42e0 6932       1       java.lang.ProcessEnvironment::toEnvironmentBlock (16 bytes)
Event: 2882.285 Thread 0x00000220783f42e0 nmethod 6932 0x000002206ff32010 code [0x000002206ff321a0, 0x000002206ff322c8]
Event: 2882.285 Thread 0x00000220783f42e0 6933   !   1       java.lang.ProcessImpl::<init> (327 bytes)
Event: 2882.286 Thread 0x00000220783f42e0 nmethod 6933 0x000002206ff2f890 code [0x000002206ff2fce0, 0x000002206ff31098]
Event: 2882.286 Thread 0x00000220783f42e0 6934       1       java.lang.Process::<init> (5 bytes)
Event: 2882.286 Thread 0x00000220783f42e0 nmethod 6934 0x000002206ff2f590 code [0x000002206ff2f720, 0x000002206ff2f7d8]
Event: 2882.290 Thread 0x00000220783f42e0 6937       1       java.lang.ProcessHandleImpl::<init> (27 bytes)
Event: 2882.291 Thread 0x00000220783f42e0 nmethod 6937 0x000002206ff2ee90 code [0x000002206ff2f020, 0x000002206ff2f118]
Event: 2892.462 Thread 0x00000220783f42e0 6939       1       java.lang.ProcessImpl$2::run (242 bytes)
Event: 2892.463 Thread 0x00000220783f42e0 nmethod 6939 0x000002206ff2d010 code [0x000002206ff2d2c0, 0x000002206ff2e058]
Event: 2892.463 Thread 0x00000220783f42e0 6940       1       java.io.BufferedOutputStream::<init> (9 bytes)
Event: 2892.463 Thread 0x00000220783f42e0 nmethod 6940 0x000002206ff2ca90 code [0x000002206ff2cc20, 0x000002206ff2cef8]
Event: 2892.463 Thread 0x00000220783f42e0 6941       1       java.lang.ProcessImpl::waitFor (136 bytes)
Event: 2892.463 Thread 0x00000220783f42e0 nmethod 6941 0x000002206ff2c210 code [0x000002206ff2c420, 0x000002206ff2c838]
Event: 2892.591 Thread 0x00000220783f42e0 6943   !   1       java.io.FilterOutputStream::close (183 bytes)
Event: 2892.613 Thread 0x00000220783f42e0 nmethod 6943 0x000002206ff2b090 code [0x000002206ff2b2a0, 0x000002206ff2b778]
Event: 2892.613 Thread 0x00000220783f42e0 6945       1       java.lang.ProcessImpl$$Lambda$1216/0x0000000100749b78::run (8 bytes)
Event: 2892.613 Thread 0x00000220783f42e0 nmethod 6945 0x000002206ff2ad90 code [0x000002206ff2af20, 0x000002206ff2b008]
Event: 2892.613 Thread 0x00000220783f42e0 6946       1       java.lang.ProcessImpl::lambda$new$0 (6 bytes)
Event: 2892.613 Thread 0x00000220783f42e0 nmethod 6946 0x000002206ff2aa90 code [0x000002206ff2ac20, 0x000002206ff2ace8]

GC Heap History (20 events):
Event: 3644.795 GC heap after
{Heap after GC invocations=359 (full 330):
 garbage-first heap   total 130048K, used 37401K [0x00000000c0000000, 0x0000000100000000)
  region size 1024K, 0 young (0K), 0 survivors (0K)
 Metaspace       used 61580K, committed 62016K, reserved 1114112K
  class space    used 7496K, committed 7680K, reserved 1048576K
}
Event: 3654.935 GC heap before
{Heap before GC invocations=359 (full 330):
 garbage-first heap   total 130048K, used 37401K [0x00000000c0000000, 0x0000000100000000)
  region size 1024K, 1 young (1024K), 0 survivors (0K)
 Metaspace       used 61580K, committed 62016K, reserved 1114112K
  class space    used 7496K, committed 7680K, reserved 1048576K
}
Event: 3654.955 GC heap after
{Heap after GC invocations=360 (full 331):
 garbage-first heap   total 130048K, used 37401K [0x00000000c0000000, 0x0000000100000000)
  region size 1024K, 0 young (0K), 0 survivors (0K)
 Metaspace       used 61580K, committed 62016K, reserved 1114112K
  class space    used 7496K, committed 7680K, reserved 1048576K
}
Event: 3665.098 GC heap before
{Heap before GC invocations=360 (full 331):
 garbage-first heap   total 130048K, used 37401K [0x00000000c0000000, 0x0000000100000000)
  region size 1024K, 1 young (1024K), 0 survivors (0K)
 Metaspace       used 61580K, committed 62016K, reserved 1114112K
  class space    used 7496K, committed 7680K, reserved 1048576K
}
Event: 3665.117 GC heap after
{Heap after GC invocations=361 (full 332):
 garbage-first heap   total 130048K, used 37401K [0x00000000c0000000, 0x0000000100000000)
  region size 1024K, 0 young (0K), 0 survivors (0K)
 Metaspace       used 61580K, committed 62016K, reserved 1114112K
  class space    used 7496K, committed 7680K, reserved 1048576K
}
Event: 3675.256 GC heap before
{Heap before GC invocations=361 (full 332):
 garbage-first heap   total 130048K, used 37401K [0x00000000c0000000, 0x0000000100000000)
  region size 1024K, 1 young (1024K), 0 survivors (0K)
 Metaspace       used 61580K, committed 62016K, reserved 1114112K
  class space    used 7496K, committed 7680K, reserved 1048576K
}
Event: 3675.275 GC heap after
{Heap after GC invocations=362 (full 333):
 garbage-first heap   total 130048K, used 37401K [0x00000000c0000000, 0x0000000100000000)
  region size 1024K, 0 young (0K), 0 survivors (0K)
 Metaspace       used 61580K, committed 62016K, reserved 1114112K
  class space    used 7496K, committed 7680K, reserved 1048576K
}
Event: 3685.423 GC heap before
{Heap before GC invocations=362 (full 333):
 garbage-first heap   total 130048K, used 37401K [0x00000000c0000000, 0x0000000100000000)
  region size 1024K, 1 young (1024K), 0 survivors (0K)
 Metaspace       used 61580K, committed 62016K, reserved 1114112K
  class space    used 7496K, committed 7680K, reserved 1048576K
}
Event: 3685.446 GC heap after
{Heap after GC invocations=363 (full 334):
 garbage-first heap   total 130048K, used 37401K [0x00000000c0000000, 0x0000000100000000)
  region size 1024K, 0 young (0K), 0 survivors (0K)
 Metaspace       used 61580K, committed 62016K, reserved 1114112K
  class space    used 7496K, committed 7680K, reserved 1048576K
}
Event: 3695.598 GC heap before
{Heap before GC invocations=363 (full 334):
 garbage-first heap   total 130048K, used 37401K [0x00000000c0000000, 0x0000000100000000)
  region size 1024K, 1 young (1024K), 0 survivors (0K)
 Metaspace       used 61580K, committed 62016K, reserved 1114112K
  class space    used 7496K, committed 7680K, reserved 1048576K
}
Event: 3695.619 GC heap after
{Heap after GC invocations=364 (full 335):
 garbage-first heap   total 130048K, used 37401K [0x00000000c0000000, 0x0000000100000000)
  region size 1024K, 0 young (0K), 0 survivors (0K)
 Metaspace       used 61580K, committed 62016K, reserved 1114112K
  class space    used 7496K, committed 7680K, reserved 1048576K
}
Event: 3705.766 GC heap before
{Heap before GC invocations=364 (full 335):
 garbage-first heap   total 130048K, used 37401K [0x00000000c0000000, 0x0000000100000000)
  region size 1024K, 1 young (1024K), 0 survivors (0K)
 Metaspace       used 61580K, committed 62016K, reserved 1114112K
  class space    used 7496K, committed 7680K, reserved 1048576K
}
Event: 3705.785 GC heap after
{Heap after GC invocations=365 (full 336):
 garbage-first heap   total 130048K, used 37401K [0x00000000c0000000, 0x0000000100000000)
  region size 1024K, 0 young (0K), 0 survivors (0K)
 Metaspace       used 61580K, committed 62016K, reserved 1114112K
  class space    used 7496K, committed 7680K, reserved 1048576K
}
Event: 3715.925 GC heap before
{Heap before GC invocations=365 (full 336):
 garbage-first heap   total 130048K, used 37401K [0x00000000c0000000, 0x0000000100000000)
  region size 1024K, 1 young (1024K), 0 survivors (0K)
 Metaspace       used 61580K, committed 62016K, reserved 1114112K
  class space    used 7496K, committed 7680K, reserved 1048576K
}
Event: 3715.946 GC heap after
{Heap after GC invocations=366 (full 337):
 garbage-first heap   total 130048K, used 37401K [0x00000000c0000000, 0x0000000100000000)
  region size 1024K, 0 young (0K), 0 survivors (0K)
 Metaspace       used 61580K, committed 62016K, reserved 1114112K
  class space    used 7496K, committed 7680K, reserved 1048576K
}
Event: 3726.080 GC heap before
{Heap before GC invocations=366 (full 337):
 garbage-first heap   total 130048K, used 37401K [0x00000000c0000000, 0x0000000100000000)
  region size 1024K, 1 young (1024K), 0 survivors (0K)
 Metaspace       used 61580K, committed 62016K, reserved 1114112K
  class space    used 7496K, committed 7680K, reserved 1048576K
}
Event: 3726.103 GC heap after
{Heap after GC invocations=367 (full 338):
 garbage-first heap   total 130048K, used 37401K [0x00000000c0000000, 0x0000000100000000)
  region size 1024K, 0 young (0K), 0 survivors (0K)
 Metaspace       used 61580K, committed 62016K, reserved 1114112K
  class space    used 7496K, committed 7680K, reserved 1048576K
}
Event: 3736.255 GC heap before
{Heap before GC invocations=367 (full 338):
 garbage-first heap   total 130048K, used 37401K [0x00000000c0000000, 0x0000000100000000)
  region size 1024K, 1 young (1024K), 0 survivors (0K)
 Metaspace       used 61580K, committed 62016K, reserved 1114112K
  class space    used 7496K, committed 7680K, reserved 1048576K
}
Event: 3736.277 GC heap after
{Heap after GC invocations=368 (full 339):
 garbage-first heap   total 130048K, used 37401K [0x00000000c0000000, 0x0000000100000000)
  region size 1024K, 0 young (0K), 0 survivors (0K)
 Metaspace       used 61580K, committed 62016K, reserved 1114112K
  class space    used 7496K, committed 7680K, reserved 1048576K
}
Event: 3746.322 GC heap before
{Heap before GC invocations=368 (full 339):
 garbage-first heap   total 130048K, used 37401K [0x00000000c0000000, 0x0000000100000000)
  region size 1024K, 1 young (1024K), 0 survivors (0K)
 Metaspace       used 61580K, committed 62016K, reserved 1114112K
  class space    used 7496K, committed 7680K, reserved 1048576K
}

Dll operation events (10 events):
Event: 0.010 Loaded shared library c:\Users\anant\.cursor\extensions\redhat.java-1.34.0-win32-x64\jre\17.0.12-win32-x86_64\bin\java.dll
Event: 0.330 Loaded shared library C:\Users\anant\.cursor\extensions\redhat.java-1.34.0-win32-x64\jre\17.0.12-win32-x86_64\bin\net.dll
Event: 0.331 Loaded shared library C:\Users\anant\.cursor\extensions\redhat.java-1.34.0-win32-x64\jre\17.0.12-win32-x86_64\bin\nio.dll
Event: 0.342 Loaded shared library C:\Users\anant\.cursor\extensions\redhat.java-1.34.0-win32-x64\jre\17.0.12-win32-x86_64\bin\zip.dll
Event: 0.720 Loaded shared library C:\Users\anant\.cursor\extensions\redhat.java-1.34.0-win32-x64\jre\17.0.12-win32-x86_64\bin\jimage.dll
Event: 1.878 Loaded shared library c:\Users\anant\.cursor\extensions\redhat.java-1.34.0-win32-x64\jre\17.0.12-win32-x86_64\bin\verify.dll
Event: 3.815 Loaded shared library C:\Users\anant\.cursor\extensions\redhat.java-1.34.0-win32-x64\jre\17.0.12-win32-x86_64\bin\management.dll
Event: 3.821 Loaded shared library C:\Users\anant\.cursor\extensions\redhat.java-1.34.0-win32-x64\jre\17.0.12-win32-x86_64\bin\management_ext.dll
Event: 4.907 Loaded shared library C:\Users\anant\.cursor\extensions\redhat.java-1.34.0-win32-x64\jre\17.0.12-win32-x86_64\bin\sunmscapi.dll
Event: 5.139 Loaded shared library C:\Users\anant\.cursor\extensions\redhat.java-1.34.0-win32-x64\jre\17.0.12-win32-x86_64\bin\extnet.dll

Deoptimization events (18 events):
Event: 4.058 Thread 0x000002207e4b4050 DEOPT PACKING pc=0x0000022070346f01 sp=0x0000008fa73fe070
Event: 4.058 Thread 0x000002207e4b4050 DEOPT UNPACKING pc=0x000002206fdc7143 sp=0x0000008fa73fd500 mode 3
Event: 4.074 Thread 0x000002207e790e10 DEOPT PACKING pc=0x0000022070329397 sp=0x0000008fa74ff2f0
Event: 4.074 Thread 0x000002207e790e10 DEOPT UNPACKING pc=0x000002206fdc7143 sp=0x0000008fa74fe748 mode 3
Event: 4.965 Thread 0x000002207e837490 DEOPT PACKING pc=0x000002206ffe250c sp=0x0000008fa83fa7c0
Event: 4.965 Thread 0x000002207e837490 DEOPT UNPACKING pc=0x000002206fdc7143 sp=0x0000008fa83f9c88 mode 0
Event: 5.248 Thread 0x000002207e63d090 DEOPT PACKING pc=0x00000220704fbba4 sp=0x0000008fa7aff260
Event: 5.248 Thread 0x000002207e63d090 DEOPT UNPACKING pc=0x000002206fdc7143 sp=0x0000008fa7afe748 mode 0
Event: 60.245 Thread 0x000002207e63d5a0 DEOPT PACKING pc=0x000002207061eb8c sp=0x0000008fa77fdf70
Event: 60.245 Thread 0x000002207e63d5a0 DEOPT UNPACKING pc=0x000002206fdc7143 sp=0x0000008fa77fd4f0 mode 0
Event: 60.245 Thread 0x000002207e63d5a0 DEOPT PACKING pc=0x000002207061eb8c sp=0x0000008fa77fe1d0
Event: 60.245 Thread 0x000002207e63d5a0 DEOPT UNPACKING pc=0x000002206fdc7143 sp=0x0000008fa77fd750 mode 0
Event: 60.248 Thread 0x000002207e63d5a0 DEOPT PACKING pc=0x000002207061eb8c sp=0x0000008fa77fe650
Event: 60.248 Thread 0x000002207e63d5a0 DEOPT UNPACKING pc=0x000002206fdc7143 sp=0x0000008fa77fdbd0 mode 0
Event: 100.936 Thread 0x000002207e63dfc0 DEOPT PACKING pc=0x000002206fe9764c sp=0x0000008fa7bfe400
Event: 100.936 Thread 0x000002207e63dfc0 DEOPT UNPACKING pc=0x000002206fdc7143 sp=0x0000008fa7bfd8c0 mode 0
Event: 592.513 Thread 0x000002207e4b4050 DEOPT PACKING pc=0x000002207041e254 sp=0x0000008fa73ff340
Event: 592.513 Thread 0x000002207e4b4050 DEOPT UNPACKING pc=0x000002206fdc7143 sp=0x0000008fa73fe7c8 mode 0

Classes loaded (20 events):
Event: 305.846 Loading class sun/nio/ch/SocketOptionRegistry
Event: 305.846 Loading class sun/nio/ch/SocketOptionRegistry done
Event: 305.846 Loading class sun/nio/ch/SocketOptionRegistry$RegistryKey
Event: 305.846 Loading class sun/nio/ch/SocketOptionRegistry$RegistryKey done
Event: 305.846 Loading class sun/nio/ch/SocketOptionRegistry$LazyInitialization
Event: 305.846 Loading class sun/nio/ch/SocketOptionRegistry$LazyInitialization done
Event: 305.846 Loading class sun/nio/ch/OptionKey
Event: 305.846 Loading class sun/nio/ch/OptionKey done
Event: 305.847 Loading class sun/nio/ch/ExtendedSocketOption
Event: 305.847 Loading class sun/nio/ch/ExtendedSocketOption done
Event: 305.847 Loading class sun/nio/ch/ExtendedSocketOption$1
Event: 305.847 Loading class sun/nio/ch/ExtendedSocketOption$1 done
Event: 305.847 Loading class sun/security/ssl/Alert
Event: 305.847 Loading class sun/security/ssl/Alert done
Event: 305.847 Loading class sun/security/ssl/Alert$AlertConsumer
Event: 305.847 Loading class sun/security/ssl/Alert$AlertConsumer done
Event: 305.847 Loading class sun/security/ssl/Alert$Level
Event: 305.847 Loading class sun/security/ssl/Alert$Level done
Event: 305.848 Loading class sun/net/ConnectionResetException
Event: 305.848 Loading class sun/net/ConnectionResetException done

Classes unloaded (20 events):
Event: 194.090 Thread 0x0000022078399630 Unloading class 0x0000000100268c00 'java/lang/invoke/LambdaForm$MH+0x0000000100268c00'
Event: 194.090 Thread 0x0000022078399630 Unloading class 0x0000000100328400 'java/lang/invoke/LambdaForm$MH+0x0000000100328400'
Event: 194.090 Thread 0x0000022078399630 Unloading class 0x0000000100560000 'java/lang/invoke/LambdaForm$MH+0x0000000100560000'
Event: 194.090 Thread 0x0000022078399630 Unloading class 0x0000000100575000 'java/lang/invoke/LambdaForm$MH+0x0000000100575000'
Event: 194.090 Thread 0x0000022078399630 Unloading class 0x0000000100575800 'java/lang/invoke/LambdaForm$MH+0x0000000100575800'
Event: 204.236 Thread 0x0000022078399630 Unloading class 0x00000001007aa800 'jdk/internal/reflect/GeneratedConstructorAccessor50'
Event: 204.236 Thread 0x0000022078399630 Unloading class 0x00000001007a9000 'jdk/internal/reflect/GeneratedMethodAccessor17'
Event: 204.236 Thread 0x0000022078399630 Unloading class 0x00000001007a8c00 'jdk/internal/reflect/GeneratedMethodAccessor16'
Event: 204.236 Thread 0x0000022078399630 Unloading class 0x00000001007a8800 'jdk/internal/reflect/GeneratedConstructorAccessor46'
Event: 204.236 Thread 0x0000022078399630 Unloading class 0x00000001007a8400 'jdk/internal/reflect/GeneratedMethodAccessor15'
Event: 204.236 Thread 0x0000022078399630 Unloading class 0x00000001007a8000 'jdk/internal/reflect/GeneratedMethodAccessor14'
Event: 204.236 Thread 0x0000022078399630 Unloading class 0x00000001007a3c00 'jdk/internal/reflect/GeneratedMethodAccessor13'
Event: 204.236 Thread 0x0000022078399630 Unloading class 0x00000001007a2000 'jdk/internal/reflect/GeneratedConstructorAccessor41'
Event: 204.236 Thread 0x0000022078399630 Unloading class 0x00000001007a1800 'java/lang/invoke/LambdaForm$MH+0x00000001007a1800'
Event: 204.236 Thread 0x0000022078399630 Unloading class 0x00000001007a1400 'java/lang/invoke/LambdaForm$MH+0x00000001007a1400'
Event: 204.236 Thread 0x0000022078399630 Unloading class 0x00000001007a1000 'java/lang/invoke/LambdaForm$MH+0x00000001007a1000'
Event: 204.236 Thread 0x0000022078399630 Unloading class 0x00000001007a0c00 'java/lang/invoke/LambdaForm$MH+0x00000001007a0c00'
Event: 204.236 Thread 0x0000022078399630 Unloading class 0x00000001007a0800 'java/lang/invoke/LambdaForm$MH+0x00000001007a0800'
Event: 204.236 Thread 0x0000022078399630 Unloading class 0x00000001007a0400 'java/lang/invoke/LambdaForm$MH+0x00000001007a0400'
Event: 204.236 Thread 0x0000022078399630 Unloading class 0x000000010078e400 'java/lang/invoke/LambdaForm$MH+0x000000010078e400'

Classes redefined (0 events):
No events

Internal exceptions (20 events):
Event: 4.472 Thread 0x000002207e83a730 Exception <a 'java/lang/NoSuchMethodError'{0x00000000cd959228}: 'java.lang.Object java.lang.invoke.Invokers$Holder.invoke_MT(java.lang.Object, java.lang.Object, java.lang.Object)'> (0x00000000cd959228) 
thrown [s\src\hotspot\share\interpreter\linkResolver.cpp, line 759]
Event: 4.736 Thread 0x000002207e836f80 Exception <a 'java/lang/NoSuchMethodError'{0x00000000c36c1a00}: 'java.lang.Object java.lang.invoke.DirectMethodHandle$Holder.newInvokeSpecial(java.lang.Object, java.lang.Object, java.lang.Object, java.lang.Object, java.lang.Object, long)'> (0x00000000c36c1a00) 
thrown [s\src\hotspot\share\interpreter\linkResolver.cpp, line 759]
Event: 4.736 Thread 0x000002207e836f80 Exception <a 'java/lang/NoSuchMethodError'{0x00000000c36c6070}: 'java.lang.Object java.lang.invoke.DirectMethodHandle$Holder.invokeSpecial(java.lang.Object, java.lang.Object, java.lang.Object, java.lang.Object, java.lang.Object, java.lang.Object, long)'> (0x00000000c36c6070) 
thrown [s\src\hotspot\share\interpreter\linkResolver.cpp, line 759]
Event: 4.752 Thread 0x000002207e837490 Exception <a 'java/lang/NoSuchMethodError'{0x00000000cfd69100}: 'void java.lang.invoke.DirectMethodHandle$Holder.invokeVirtual(java.lang.Object, java.lang.Object, java.lang.Object, java.lang.Object)'> (0x00000000cfd69100) 
thrown [s\src\hotspot\share\interpreter\linkResolver.cpp, line 759]
Event: 4.867 Thread 0x000002207e837490 Exception <a 'java/lang/NoSuchMethodError'{0x00000000cd7863a0}: 'java.lang.Object java.lang.invoke.DirectMethodHandle$Holder.invokeStatic(java.lang.Object, java.lang.Object, int, java.lang.Object)'> (0x00000000cd7863a0) 
thrown [s\src\hotspot\share\interpreter\linkResolver.cpp, line 759]
Event: 4.868 Thread 0x000002207e837490 Exception <a 'java/lang/NoSuchMethodError'{0x00000000cd78c7c0}: 'java.lang.Object java.lang.invoke.DirectMethodHandle$Holder.newInvokeSpecial(java.lang.Object, java.lang.Object, int)'> (0x00000000cd78c7c0) 
thrown [s\src\hotspot\share\interpreter\linkResolver.cpp, line 759]
Event: 4.912 Thread 0x000002207e83a730 Exception <a 'java/lang/IncompatibleClassChangeError'{0x00000000c434a468}: Found class java.lang.Object, but interface was expected> (0x00000000c434a468) 
thrown [s\src\hotspot\share\interpreter\linkResolver.cpp, line 826]
Event: 4.958 Thread 0x000002207e83a730 Exception <a 'java/lang/NoSuchMethodError'{0x00000000c44ae918}: 'int java.lang.invoke.DirectMethodHandle$Holder.invokeSpecialIFC(java.lang.Object, java.lang.Object, java.lang.Object)'> (0x00000000c44ae918) 
thrown [s\src\hotspot\share\interpreter\linkResolver.cpp, line 759]
Event: 4.961 Thread 0x000002207e837490 Exception <a 'sun/nio/fs/WindowsException'{0x00000000c45efab8}> (0x00000000c45efab8) 
thrown [s\src\hotspot\share\prims\jni.cpp, line 516]
Event: 5.072 Thread 0x000002207e83a730 Exception <a 'java/lang/NoSuchMethodError'{0x00000000cd7e6480}: 'int java.lang.invoke.DirectMethodHandle$Holder.invokeStatic(java.lang.Object, int, java.lang.Object)'> (0x00000000cd7e6480) 
thrown [s\src\hotspot\share\interpreter\linkResolver.cpp, line 759]
Event: 5.218 Thread 0x000002207e63dfc0 Exception <a 'java/lang/NoSuchMethodError'{0x00000000c427a0f8}: 'void java.lang.invoke.DirectMethodHandle$Holder.invokeStatic(java.lang.Object, java.lang.Object, java.lang.Object, java.lang.Object, java.lang.Object, java.lang.Object, java.lang.Object)'> (0x00000000c427a0f8) 
thrown [s\src\hotspot\share\interpreter\linkResolver.cpp, line 759]
Event: 46.004 Thread 0x000002207e83a730 Exception <a 'java/lang/NoSuchMethodError'{0x00000000c3f68e18}: 'java.lang.Object java.lang.invoke.DirectMethodHandle$Holder.newInvokeSpecial(java.lang.Object, java.lang.Object, int, java.lang.Object)'> (0x00000000c3f68e18) 
thrown [s\src\hotspot\share\interpreter\linkResolver.cpp, line 759]
Event: 46.004 Thread 0x000002207e83a730 Exception <a 'java/lang/NoSuchMethodError'{0x00000000c3f6c9e0}: 'java.lang.Object java.lang.invoke.Invokers$Holder.linkToTargetMethod(java.lang.Object, int, java.lang.Object, java.lang.Object)'> (0x00000000c3f6c9e0) 
thrown [s\src\hotspot\share\interpreter\linkResolver.cpp, line 759]
Event: 46.004 Thread 0x000002207e83a730 Exception <a 'java/lang/NoSuchMethodError'{0x00000000c3f70390}: 'void java.lang.invoke.DirectMethodHandle$Holder.invokeStatic(java.lang.Object, int, java.lang.Object)'> (0x00000000c3f70390) 
thrown [s\src\hotspot\share\interpreter\linkResolver.cpp, line 759]
Event: 183.830 Thread 0x000002207e641350 Exception <a 'java/lang/NoSuchMethodError'{0x00000000d14a1950}: 'void java.lang.invoke.DirectMethodHandle$Holder.invokeStatic(java.lang.Object, long)'> (0x00000000d14a1950) 
thrown [s\src\hotspot\share\interpreter\linkResolver.cpp, line 759]
Event: 183.830 Thread 0x000002207e641350 Exception <a 'java/lang/NoSuchMethodError'{0x00000000d14a6d00}: 'java.lang.Object java.lang.invoke.DirectMethodHandle$Holder.newInvokeSpecial(java.lang.Object, long)'> (0x00000000d14a6d00) 
thrown [s\src\hotspot\share\interpreter\linkResolver.cpp, line 759]
Event: 305.848 Thread 0x000002207e8388d0 Exception <a 'java/io/IOException'{0x00000000c8199f48}> (0x00000000c8199f48) 
thrown [s\src\hotspot\share\prims\jni.cpp, line 516]
Event: 306.128 Thread 0x000002207e835b40 Exception <a 'java/io/IOException'{0x00000000c81b28a0}> (0x00000000c81b28a0) 
thrown [s\src\hotspot\share\prims\jni.cpp, line 516]
Event: 306.642 Thread 0x000002207e838de0 Exception <a 'java/io/IOException'{0x00000000c81c72d0}> (0x00000000c81c72d0) 
thrown [s\src\hotspot\share\prims\jni.cpp, line 516]
Event: 2323.520 Thread 0x000002207e641350 Exception <a 'java/io/IOException'{0x00000000c7e00630}: CreateProcess error=1450, Insufficient system resources exist to complete the requested service> (0x00000000c7e00630) 
thrown [s\src\hotspot\share\prims\jni.cpp, line 535]

VM Operations (20 events):
Event: 3644.795 Executing VM operation: G1CollectFull done
Event: 3654.935 Executing VM operation: G1CollectFull
Event: 3654.955 Executing VM operation: G1CollectFull done
Event: 3665.098 Executing VM operation: G1CollectFull
Event: 3665.118 Executing VM operation: G1CollectFull done
Event: 3675.256 Executing VM operation: G1CollectFull
Event: 3675.275 Executing VM operation: G1CollectFull done
Event: 3685.423 Executing VM operation: G1CollectFull
Event: 3685.446 Executing VM operation: G1CollectFull done
Event: 3695.598 Executing VM operation: G1CollectFull
Event: 3695.619 Executing VM operation: G1CollectFull done
Event: 3705.766 Executing VM operation: G1CollectFull
Event: 3705.786 Executing VM operation: G1CollectFull done
Event: 3715.925 Executing VM operation: G1CollectFull
Event: 3715.946 Executing VM operation: G1CollectFull done
Event: 3726.080 Executing VM operation: G1CollectFull
Event: 3726.103 Executing VM operation: G1CollectFull done
Event: 3736.255 Executing VM operation: G1CollectFull
Event: 3736.277 Executing VM operation: G1CollectFull done
Event: 3746.322 Executing VM operation: G1CollectFull

Events (20 events):
Event: 366.139 Thread 0x000002207f1fc100 Thread exited: 0x000002207f1fc100
Event: 366.648 Thread 0x000002207e838de0 Thread exited: 0x000002207e838de0
Event: 366.648 Thread 0x000002207e8388d0 Thread exited: 0x000002207e8388d0
Event: 379.106 Thread 0x000002207e83b660 Thread exited: 0x000002207e83b660
Event: 439.111 Thread 0x000002207e8392f0 Thread exited: 0x000002207e8392f0
Event: 499.121 Thread 0x000002207e839800 Thread exited: 0x000002207e839800
Event: 559.133 Thread 0x000002207e837eb0 Thread exited: 0x000002207e837eb0
Event: 592.514 Thread 0x000002207e83a730 Thread added: 0x000002207e83a730
Event: 592.515 Thread 0x000002207e835630 Thread added: 0x000002207e835630
Event: 592.526 Thread 0x000002207d60c050 Thread added: 0x000002207d60c050
Event: 592.526 Thread 0x000002207854d070 Thread added: 0x000002207854d070
Event: 594.547 Thread 0x000002207854d070 Thread exited: 0x000002207854d070
Event: 599.558 Thread 0x000002207d60c050 Thread exited: 0x000002207d60c050
Event: 619.138 Thread 0x000002207e83b150 Thread exited: 0x000002207e83b150
Event: 625.401 Thread 0x000002207e837eb0 Thread added: 0x000002207e837eb0
Event: 685.418 Thread 0x000002207e837eb0 Thread exited: 0x000002207e837eb0
Event: 715.385 Thread 0x000002207e835630 Thread exited: 0x000002207e835630
Event: 731.115 Thread 0x000002207e836560 Thread exited: 0x000002207e836560
Event: 735.364 Thread 0x000002207e83a730 Thread exited: 0x000002207e83a730
Event: 791.118 Thread 0x000002207e83ac40 Thread exited: 0x000002207e83ac40


Dynamic libraries:
0x00007ff73adc0000 - 0x00007ff73adce000 	c:\Users\anant\.cursor\extensions\redhat.java-1.34.0-win32-x64\jre\17.0.12-win32-x86_64\bin\java.exe
0x00007fff5dad0000 - 0x00007fff5dce7000 	C:\WINDOWS\SYSTEM32\ntdll.dll
0x00007fff5c020000 - 0x00007fff5c0e4000 	C:\WINDOWS\System32\KERNEL32.DLL
0x00007fff5b2b0000 - 0x00007fff5b65d000 	C:\WINDOWS\System32\KERNELBASE.dll
0x00007fff5af00000 - 0x00007fff5b011000 	C:\WINDOWS\System32\ucrtbase.dll
0x00007fff0e6f0000 - 0x00007fff0e707000 	c:\Users\anant\.cursor\extensions\redhat.java-1.34.0-win32-x64\jre\17.0.12-win32-x86_64\bin\jli.dll
0x00007fff03c60000 - 0x00007fff03c7b000 	c:\Users\anant\.cursor\extensions\redhat.java-1.34.0-win32-x64\jre\17.0.12-win32-x86_64\bin\VCRUNTIME140.dll
0x00007fff5bd50000 - 0x00007fff5befe000 	C:\WINDOWS\System32\USER32.dll
0x00007fff5b280000 - 0x00007fff5b2a6000 	C:\WINDOWS\System32\win32u.dll
0x00007fff5cad0000 - 0x00007fff5caf9000 	C:\WINDOWS\System32\GDI32.dll
0x00007fff493b0000 - 0x00007fff49643000 	C:\WINDOWS\WinSxS\amd64_microsoft.windows.common-controls_6595b64144ccf1df_6.0.22621.3672_none_2713b9d173822955\COMCTL32.dll
0x00007fff5b660000 - 0x00007fff5b779000 	C:\WINDOWS\System32\gdi32full.dll
0x00007fff5ae60000 - 0x00007fff5aefa000 	C:\WINDOWS\System32\msvcp_win.dll
0x00007fff5b9e0000 - 0x00007fff5ba87000 	C:\WINDOWS\System32\msvcrt.dll
0x00007fff5cc20000 - 0x00007fff5cc51000 	C:\WINDOWS\System32\IMM32.DLL
0x00007fff371a0000 - 0x00007fff371ac000 	c:\Users\anant\.cursor\extensions\redhat.java-1.34.0-win32-x64\jre\17.0.12-win32-x86_64\bin\vcruntime140_1.dll
0x00007ffef0240000 - 0x00007ffef02cd000 	c:\Users\anant\.cursor\extensions\redhat.java-1.34.0-win32-x64\jre\17.0.12-win32-x86_64\bin\msvcp140.dll
0x00007ffee4390000 - 0x00007ffee4ffa000 	c:\Users\anant\.cursor\extensions\redhat.java-1.34.0-win32-x64\jre\17.0.12-win32-x86_64\bin\server\jvm.dll
0x00007fff5ca10000 - 0x00007fff5cac2000 	C:\WINDOWS\System32\ADVAPI32.dll
0x00007fff5bca0000 - 0x00007fff5bd49000 	C:\WINDOWS\System32\sechost.dll
0x00007fff5b020000 - 0x00007fff5b048000 	C:\WINDOWS\System32\bcrypt.dll
0x00007fff5cb00000 - 0x00007fff5cc14000 	C:\WINDOWS\System32\RPCRT4.dll
0x00007fff5d7a0000 - 0x00007fff5d811000 	C:\WINDOWS\System32\WS2_32.dll
0x00007fff59ca0000 - 0x00007fff59ced000 	C:\WINDOWS\SYSTEM32\POWRPROF.dll
0x00007fff4cac0000 - 0x00007fff4caf4000 	C:\WINDOWS\SYSTEM32\WINMM.dll
0x00007fff502b0000 - 0x00007fff502ba000 	C:\WINDOWS\SYSTEM32\VERSION.dll
0x00007fff59c80000 - 0x00007fff59c93000 	C:\WINDOWS\SYSTEM32\UMPDC.dll
0x00007fff59f30000 - 0x00007fff59f48000 	C:\WINDOWS\SYSTEM32\kernel.appcore.dll
0x00007fff31890000 - 0x00007fff3189a000 	c:\Users\anant\.cursor\extensions\redhat.java-1.34.0-win32-x64\jre\17.0.12-win32-x86_64\bin\jimage.dll
0x00007fff556d0000 - 0x00007fff55902000 	C:\WINDOWS\SYSTEM32\DBGHELP.DLL
0x00007fff5c570000 - 0x00007fff5c8fe000 	C:\WINDOWS\System32\combase.dll
0x00007fff5b800000 - 0x00007fff5b8d7000 	C:\WINDOWS\System32\OLEAUT32.dll
0x00007fff4fd50000 - 0x00007fff4fd82000 	C:\WINDOWS\SYSTEM32\dbgcore.DLL
0x00007fff5b780000 - 0x00007fff5b7fb000 	C:\WINDOWS\System32\bcryptPrimitives.dll
0x00007ffefe850000 - 0x00007ffefe875000 	c:\Users\anant\.cursor\extensions\redhat.java-1.34.0-win32-x64\jre\17.0.12-win32-x86_64\bin\java.dll
0x00007fff00d00000 - 0x00007fff00d18000 	c:\Users\anant\.cursor\extensions\redhat.java-1.34.0-win32-x64\jre\17.0.12-win32-x86_64\bin\zip.dll
0x00007fff5ce30000 - 0x00007fff5d697000 	C:\WINDOWS\System32\SHELL32.dll
0x00007fff58c10000 - 0x00007fff5950f000 	C:\WINDOWS\SYSTEM32\windows.storage.dll
0x00007fff59550000 - 0x00007fff5968f000 	C:\WINDOWS\SYSTEM32\wintypes.dll
0x00007fff5c910000 - 0x00007fff5ca09000 	C:\WINDOWS\System32\SHCORE.dll
0x00007fff5bf00000 - 0x00007fff5bf5e000 	C:\WINDOWS\System32\shlwapi.dll
0x00007fff5ad20000 - 0x00007fff5ad47000 	C:\WINDOWS\SYSTEM32\profapi.dll
0x00007ffefdb50000 - 0x00007ffefdb69000 	C:\Users\anant\.cursor\extensions\redhat.java-1.34.0-win32-x64\jre\17.0.12-win32-x86_64\bin\net.dll
0x00007fff53800000 - 0x00007fff53936000 	C:\WINDOWS\SYSTEM32\WINHTTP.dll
0x00007fff5a3a0000 - 0x00007fff5a409000 	C:\WINDOWS\system32\mswsock.dll
0x00007ffefd420000 - 0x00007ffefd436000 	C:\Users\anant\.cursor\extensions\redhat.java-1.34.0-win32-x64\jre\17.0.12-win32-x86_64\bin\nio.dll
0x00007fff23310000 - 0x00007fff23320000 	c:\Users\anant\.cursor\extensions\redhat.java-1.34.0-win32-x64\jre\17.0.12-win32-x86_64\bin\verify.dll
0x00007fff5a5f0000 - 0x00007fff5a60b000 	C:\WINDOWS\SYSTEM32\CRYPTSP.dll
0x00007fff59e90000 - 0x00007fff59ec5000 	C:\WINDOWS\system32\rsaenh.dll
0x00007fff5a490000 - 0x00007fff5a4b8000 	C:\WINDOWS\SYSTEM32\USERENV.dll
0x00007fff5a610000 - 0x00007fff5a61c000 	C:\WINDOWS\SYSTEM32\CRYPTBASE.dll
0x00007fff59950000 - 0x00007fff5997d000 	C:\WINDOWS\SYSTEM32\IPHLPAPI.DLL
0x00007fff5c010000 - 0x00007fff5c019000 	C:\WINDOWS\System32\NSI.dll
0x00007fff533d0000 - 0x00007fff533e9000 	C:\WINDOWS\SYSTEM32\dhcpcsvc6.DLL
0x00007fff53370000 - 0x00007fff5338f000 	C:\WINDOWS\SYSTEM32\dhcpcsvc.DLL
0x00007fff59980000 - 0x00007fff59a78000 	C:\WINDOWS\SYSTEM32\DNSAPI.dll
0x00007fff20530000 - 0x00007fff20539000 	C:\Users\anant\.cursor\extensions\redhat.java-1.34.0-win32-x64\jre\17.0.12-win32-x86_64\bin\management.dll
0x00007fff20190000 - 0x00007fff2019b000 	C:\Users\anant\.cursor\extensions\redhat.java-1.34.0-win32-x64\jre\17.0.12-win32-x86_64\bin\management_ext.dll
0x00007fff5cc60000 - 0x00007fff5cc68000 	C:\WINDOWS\System32\PSAPI.DLL
0x00007fff229f0000 - 0x00007fff229fe000 	C:\Users\anant\.cursor\extensions\redhat.java-1.34.0-win32-x64\jre\17.0.12-win32-x86_64\bin\sunmscapi.dll
0x00007fff5b110000 - 0x00007fff5b276000 	C:\WINDOWS\System32\CRYPT32.dll
0x00007fff5a790000 - 0x00007fff5a7be000 	C:\WINDOWS\SYSTEM32\ncrypt.dll
0x00007fff5a750000 - 0x00007fff5a787000 	C:\WINDOWS\SYSTEM32\NTASN1.dll
0x00007fff52af0000 - 0x00007fff52afa000 	C:\Windows\System32\rasadhlp.dll
0x00007fff52a60000 - 0x00007fff52ae3000 	C:\WINDOWS\System32\fwpuclnt.dll
0x00007fff20e30000 - 0x00007fff20e39000 	C:\Users\anant\.cursor\extensions\redhat.java-1.34.0-win32-x64\jre\17.0.12-win32-x86_64\bin\extnet.dll

dbghelp: loaded successfully - version: 4.0.5 - missing functions: none
symbol engine: initialized successfully - sym options: 0x614 - pdb path: .;c:\Users\anant\.cursor\extensions\redhat.java-1.34.0-win32-x64\jre\17.0.12-win32-x86_64\bin;C:\WINDOWS\SYSTEM32;C:\WINDOWS\WinSxS\amd64_microsoft.windows.common-controls_6595b64144ccf1df_6.0.22621.3672_none_2713b9d173822955;c:\Users\anant\.cursor\extensions\redhat.java-1.34.0-win32-x64\jre\17.0.12-win32-x86_64\bin\server

VM Arguments:
jvm_args: -Xmx1024m -Dsts.lsp.client=vscode -Dsts.log.file=/dev/null -XX:TieredStopAtLevel=1 -Xlog:jni+resolve=off -Dspring.config.location=file:c:\Users\anant\.cursor\extensions\vmware.vscode-spring-boot-1.56.0\language-server\BOOT-INF\classes\application.properties 
java_command: org.springframework.ide.vscode.boot.app.BootLanguageServerBootApp
java_class_path (initial): c:\Users\anant\.cursor\extensions\vmware.vscode-spring-boot-1.56.0\language-server\BOOT-INF\classes;c:\Users\anant\.cursor\extensions\vmware.vscode-spring-boot-1.56.0\language-server\BOOT-INF\lib\annotations-24.1.0.jar;c:\Users\anant\.cursor\extensions\vmware.vscode-spring-boot-1.56.0\language-server\BOOT-INF\lib\antlr4-runtime-4.13.1.jar;c:\Users\anant\.cursor\extensions\vmware.vscode-spring-boot-1.56.0\language-server\BOOT-INF\lib\asm-9.7.jar;c:\Users\anant\.cursor\extensions\vmware.vscode-spring-boot-1.56.0\language-server\BOOT-INF\lib\asm-analysis-9.7.jar;c:\Users\anant\.cursor\extensions\vmware.vscode-spring-boot-1.56.0\language-server\BOOT-INF\lib\asm-tree-9.7.jar;c:\Users\anant\.cursor\extensions\vmware.vscode-spring-boot-1.56.0\language-server\BOOT-INF\lib\asm-util-9.7.jar;c:\Users\anant\.cursor\extensions\vmware.vscode-spring-boot-1.56.0\language-server\BOOT-INF\lib\caffeine-3.1.8.jar;c:\Users\anant\.cursor\extensions\vmware.vscode-spring-boot-1.56.0\language-server\BOOT-INF\lib\checker-qual-3.12.0.jar;c:\Users\anant\.cursor\extensions\vmware.vscode-spring-boot-1.56.0\language-server\BOOT-INF\lib\classgraph-4.8.149.jar;c:\Users\anant\.cursor\extensions\vmware.vscode-spring-boot-1.56.0\language-server\BOOT-INF\lib\commons-codec-1.16.1.jar;c:\Users\anant\.cursor\extensions\vmware.vscode-spring-boot-1.56.0\language-server\BOOT-INF\lib\commons-compress-1.26.2.jar;c:\Users\anant\.cursor\extensions\vmware.vscode-spring-boot-1.56.0\language-server\BOOT-INF\lib\commons-io-2.16.1.jar;c:\Users\anant\.cursor\extensions\vmware.vscode-spring-boot-1.56.0\language-server\BOOT-INF\lib\commons-java-1.56.0-SNAPSHOT.jar;c:\Users\anant\.cursor\extensions\vmware.vscode-spring-boot-1.56.0\language-server\BOOT-INF\lib\commons-lang3-3.14.0.jar;c:\Users\anant\.cursor\extensions\vmware.vscode-spring-boot-1.56.0\language-server\BOOT-INF\lib\commons-language-server-1.56.0-SNAPSHOT.jar;c:\Users\anant\.cursor\extensions\vmware.vscode-spring-boot-1.56.0\langu
Launcher Type: SUN_STANDARD

[Global flags]
     intx CICompilerCount                          = 4                                         {product} {ergonomic}
     uint ConcGCThreads                            = 3                                         {product} {ergonomic}
     uint G1ConcRefinementThreads                  = 10                                        {product} {ergonomic}
   size_t G1HeapRegionSize                         = 1048576                                   {product} {ergonomic}
    uintx GCDrainStackTargetSize                   = 64                                        {product} {ergonomic}
   size_t InitialHeapSize                          = 266338304                                 {product} {ergonomic}
   size_t MarkStackSize                            = 4194304                                   {product} {ergonomic}
   size_t MaxHeapSize                              = 1073741824                                {product} {command line}
   size_t MaxNewSize                               = 643825664                                 {product} {ergonomic}
   size_t MinHeapDeltaBytes                        = 1048576                                   {product} {ergonomic}
   size_t MinHeapSize                              = 8388608                                   {product} {ergonomic}
    uintx NonProfiledCodeHeapSize                  = 0                                      {pd product} {ergonomic}
     bool ProfileInterpreter                       = false                                  {pd product} {command line}
    uintx ProfiledCodeHeapSize                     = 0                                      {pd product} {ergonomic}
   size_t SoftMaxHeapSize                          = 1073741824                             {manageable} {ergonomic}
     intx TieredStopAtLevel                        = 1                                         {product} {command line}
     bool UseCompressedClassPointers               = true                           {product lp64_product} {ergonomic}
     bool UseCompressedOops                        = true                           {product lp64_product} {ergonomic}
     bool UseG1GC                                  = true                                      {product} {ergonomic}
     bool UseLargePagesIndividualAllocation        = false                                  {pd product} {ergonomic}

Logging:
Log output configuration:
 #0: stdout all=warning,jni+resolve=off uptime,level,tags
 #1: stderr all=off uptime,level,tags

Environment Variables:
CLASSPATH=C:\Program Files\Java\jdk-22\bin
PATH=C:\Program Files\Common Files\Oracle\Java\javapath;C:\Windows\system32;C:\Windows;C:\Windows\System32\Wbem;C:\Windows\System32\WindowsPowerShell\v1.0\;C:\Windows\System32\OpenSSH\;C:\Program Files (x86)\NVIDIA Corporation\PhysX\Common;C:\Program Files\NVIDIA Corporation\NVIDIA NvDLISR;C:\WINDOWS\system32;C:\WINDOWS;C:\WINDOWS\System32\Wbem;C:\WINDOWS\System32\WindowsPowerShell\v1.0\;C:\WINDOWS\System32\OpenSSH\;C:\Program Files\dotnet\;C:\MinGW\bin;C:\Program Files\nodejs\;C:\Program Files\Java\jdk-22\bin;C:\Program Files\Git\cmd;C:\Program Files\Maven\apache-maven-3.9.8\bin;;c:\Users\anant\AppData\Local\Programs\cursor\resources\app\bin;C:\Users\anant\AppData\Local\Programs\Python\Python312\Scripts\;C:\Users\anant\AppData\Local\Programs\Python\Python312\;C:\Users\anant\.console-ninja\.bin;C:\Users\anant\AppData\Local\Microsoft\WindowsApps;;C:\Users\anant\AppData\Local\Programs\Microsoft VS Code\bin;C:\Users\anant\AppData\Roaming\npm;C:\Program Files\JetBrains\IntelliJ IDEA Community Edition 2024.1.4\bin;
USERNAME=Anant
OS=Windows_NT
PROCESSOR_IDENTIFIER=Intel64 Family 6 Model 165 Stepping 2, GenuineIntel
TMP=C:\Users\anant\AppData\Local\Temp
TEMP=C:\Users\anant\AppData\Local\Temp



Periodic native trim disabled


---------------  S Y S T E M  ---------------

OS:
 Windows 11 , 64 bit Build 22621 (10.0.22621.3958)
OS uptime: 8 days 1:35 hours

CPU: total 12 (initial active 12) (6 cores per cpu, 2 threads per core) family 6 model 165 stepping 2 microcode 0xe0, cx8, cmov, fxsr, ht, mmx, 3dnowpref, sse, sse2, sse3, ssse3, sse4.1, sse4.2, popcnt, lzcnt, tsc, tscinvbit, avx, avx2, aes, erms, clmul, bmi1, bmi2, adx, fma, vzeroupper, clflush, clflushopt
Processor Information for all 12 processors :
  Max Mhz: 2592, Current Mhz: 2592, Mhz Limit: 2592

Memory: 4k page, system-wide physical 16169M (3814M free)
TotalPageFile size 65321M (AvailPageFile size 6M)
current process WorkingSet (physical memory assigned to process): 240M, peak: 320M
current process commit charge ("private bytes"): 309M, peak: 496M

vm_info: OpenJDK 64-Bit Server VM (17.0.12+7) for windows-amd64 JRE (17.0.12+7), built on Jul 16 2024 22:08:24 by "admin" with MS VC++ 16.10 / 16.11 (VS2019)

END.
